CRITICAL - 2024-04-23 14:03:04 --> CodeIgniter\View\Exceptions\ViewException: Invalid file: "user/faq.php"
[Method: GET, Route: faq]
in SYSTEMPATH\Exceptions\FrameworkException.php on line 41.
 1 SYSTEMPATH\View\View.php(222): CodeIgniter\Exceptions\FrameworkException::forInvalidFile('user/faq.php')
 2 SYSTEMPATH\Common.php(1171): CodeIgniter\View\View->render('user/faq', [], true)
 3 APPPATH\Controllers\Home.php(21): view('user/faq')
 4 SYSTEMPATH\CodeIgniter.php(933): App\Controllers\Home->view('faq')
 5 SYSTEMPATH\CodeIgniter.php(509): CodeIgniter\CodeIgniter->runController(Object(App\Controllers\Home))
 6 SYSTEMPATH\CodeIgniter.php(355): CodeIgniter\CodeIgniter->handleRequest(null, Object(Config\Cache), false)
 7 SYSTEMPATH\Boot.php(312): CodeIgniter\CodeIgniter->run()
 8 SYSTEMPATH\Boot.php(67): CodeIgniter\Boot::runCodeIgniter(Object(CodeIgniter\CodeIgniter))
 9 FCPATH\index.php(56): CodeIgniter\Boot::bootWeb(Object(Config\Paths))
10 SYSTEMPATH\Commands\Server\rewrite.php(49): require_once('C:\\xampp\\htdocs\\SJCP-CodeIgniter\\public\\index.php')
CRITICAL - 2024-04-23 14:03:25 --> CodeIgniter\View\Exceptions\ViewException: Invalid file: "user/faq.php"
[Method: GET, Route: faq]
in SYSTEMPATH\Exceptions\FrameworkException.php on line 41.
 1 SYSTEMPATH\View\View.php(222): CodeIgniter\Exceptions\FrameworkException::forInvalidFile('user/faq.php')
 2 SYSTEMPATH\Common.php(1171): CodeIgniter\View\View->render('user/faq', [], true)
 3 APPPATH\Controllers\Home.php(21): view('user/faq')
 4 SYSTEMPATH\CodeIgniter.php(933): App\Controllers\Home->view('faq')
 5 SYSTEMPATH\CodeIgniter.php(509): CodeIgniter\CodeIgniter->runController(Object(App\Controllers\Home))
 6 SYSTEMPATH\CodeIgniter.php(355): CodeIgniter\CodeIgniter->handleRequest(null, Object(Config\Cache), false)
 7 SYSTEMPATH\Boot.php(312): CodeIgniter\CodeIgniter->run()
 8 SYSTEMPATH\Boot.php(67): CodeIgniter\Boot::runCodeIgniter(Object(CodeIgniter\CodeIgniter))
 9 FCPATH\index.php(56): CodeIgniter\Boot::bootWeb(Object(Config\Paths))
10 SYSTEMPATH\Commands\Server\rewrite.php(49): require_once('C:\\xampp\\htdocs\\SJCP-CodeIgniter\\public\\index.php')
CRITICAL - 2024-04-23 14:03:34 --> CodeIgniter\View\Exceptions\ViewException: Invalid file: "user/services.php"
[Method: GET, Route: services]
in SYSTEMPATH\Exceptions\FrameworkException.php on line 41.
 1 SYSTEMPATH\View\View.php(222): CodeIgniter\Exceptions\FrameworkException::forInvalidFile('user/services.php')
 2 SYSTEMPATH\Common.php(1171): CodeIgniter\View\View->render('user/services', [], true)
 3 APPPATH\Controllers\Home.php(21): view('user/services')
 4 SYSTEMPATH\CodeIgniter.php(933): App\Controllers\Home->view('services')
 5 SYSTEMPATH\CodeIgniter.php(509): CodeIgniter\CodeIgniter->runController(Object(App\Controllers\Home))
 6 SYSTEMPATH\CodeIgniter.php(355): CodeIgniter\CodeIgniter->handleRequest(null, Object(Config\Cache), false)
 7 SYSTEMPATH\Boot.php(312): CodeIgniter\CodeIgniter->run()
 8 SYSTEMPATH\Boot.php(67): CodeIgniter\Boot::runCodeIgniter(Object(CodeIgniter\CodeIgniter))
 9 FCPATH\index.php(56): CodeIgniter\Boot::bootWeb(Object(Config\Paths))
10 SYSTEMPATH\Commands\Server\rewrite.php(49): require_once('C:\\xampp\\htdocs\\SJCP-CodeIgniter\\public\\index.php')
