CRITICAL - 2024-04-29 14:55:19 --> Error: Call to undefined function form_open()
[Method: GET, Route: account/signup]
in APPPATH\Views\user\account.php on line 6.
 1 SYSTEMPATH\View\View.php(234): include()
 2 SYSTEMPATH\View\View.php(237): CodeIgniter\View\View->CodeIgniter\View\{closure}()
 3 SYSTEMPATH\Common.php(1171): CodeIgniter\View\View->render('user/account', [], true)
 4 APPPATH\Controllers\Signup.php(16): view('user/account', [...])
 5 SYSTEMPATH\CodeIgniter.php(933): App\Controllers\Signup->index()
 6 SYSTEMPATH\CodeIgniter.php(509): CodeIgniter\CodeIgniter->runController(Object(App\Controllers\Signup))
 7 SYSTEMPATH\CodeIgniter.php(355): CodeIgniter\CodeIgniter->handleRequest(null, Object(Config\Cache), false)
 8 SYSTEMPATH\Boot.php(312): CodeIgniter\CodeIgniter->run()
 9 SYSTEMPATH\Boot.php(67): CodeIgniter\Boot::runCodeIgniter(Object(CodeIgniter\CodeIgniter))
10 FCPATH\index.php(56): CodeIgniter\Boot::bootWeb(Object(Config\Paths))
11 SYSTEMPATH\Commands\Server\rewrite.php(49): require_once('C:\\xampp\\htdocs\\SJCP-CodeIgniter\\public\\index.php')
CRITICAL - 2024-04-29 14:57:19 --> Error: Call to undefined function form_open()
[Method: GET, Route: account/signup]
in APPPATH\Views\user\account.php on line 6.
 1 SYSTEMPATH\View\View.php(234): include()
 2 SYSTEMPATH\View\View.php(237): CodeIgniter\View\View->CodeIgniter\View\{closure}()
 3 SYSTEMPATH\Common.php(1171): CodeIgniter\View\View->render('user/account', [], true)
 4 APPPATH\Controllers\Signup.php(16): view('user/account', [...])
 5 SYSTEMPATH\CodeIgniter.php(933): App\Controllers\Signup->index()
 6 SYSTEMPATH\CodeIgniter.php(509): CodeIgniter\CodeIgniter->runController(Object(App\Controllers\Signup))
 7 SYSTEMPATH\CodeIgniter.php(355): CodeIgniter\CodeIgniter->handleRequest(null, Object(Config\Cache), false)
 8 SYSTEMPATH\Boot.php(312): CodeIgniter\CodeIgniter->run()
 9 SYSTEMPATH\Boot.php(67): CodeIgniter\Boot::runCodeIgniter(Object(CodeIgniter\CodeIgniter))
10 FCPATH\index.php(56): CodeIgniter\Boot::bootWeb(Object(Config\Paths))
11 SYSTEMPATH\Commands\Server\rewrite.php(49): require_once('C:\\xampp\\htdocs\\SJCP-CodeIgniter\\public\\index.php')
CRITICAL - 2024-04-29 14:59:00 --> Error: Call to undefined function form_open()
[Method: GET, Route: account/signup]
in APPPATH\Views\user\account.php on line 6.
 1 SYSTEMPATH\View\View.php(234): include()
 2 SYSTEMPATH\View\View.php(237): CodeIgniter\View\View->CodeIgniter\View\{closure}()
 3 SYSTEMPATH\Common.php(1171): CodeIgniter\View\View->render('user/account', [], true)
 4 APPPATH\Controllers\Signup.php(16): view('user/account', [...])
 5 SYSTEMPATH\CodeIgniter.php(933): App\Controllers\Signup->index()
 6 SYSTEMPATH\CodeIgniter.php(509): CodeIgniter\CodeIgniter->runController(Object(App\Controllers\Signup))
 7 SYSTEMPATH\CodeIgniter.php(355): CodeIgniter\CodeIgniter->handleRequest(null, Object(Config\Cache), false)
 8 SYSTEMPATH\Boot.php(312): CodeIgniter\CodeIgniter->run()
 9 SYSTEMPATH\Boot.php(67): CodeIgniter\Boot::runCodeIgniter(Object(CodeIgniter\CodeIgniter))
10 FCPATH\index.php(56): CodeIgniter\Boot::bootWeb(Object(Config\Paths))
11 SYSTEMPATH\Commands\Server\rewrite.php(49): require_once('C:\\xampp\\htdocs\\SJCP-CodeIgniter\\public\\index.php')
CRITICAL - 2024-04-29 15:00:40 --> Error: Call to undefined function form_open()
[Method: GET, Route: account/signup]
in APPPATH\Views\user\account.php on line 6.
 1 SYSTEMPATH\View\View.php(234): include()
 2 SYSTEMPATH\View\View.php(237): CodeIgniter\View\View->CodeIgniter\View\{closure}()
 3 SYSTEMPATH\Common.php(1171): CodeIgniter\View\View->render('user/account', [], true)
 4 APPPATH\Controllers\Signup.php(16): view('user/account', [...])
 5 SYSTEMPATH\CodeIgniter.php(933): App\Controllers\Signup->index()
 6 SYSTEMPATH\CodeIgniter.php(509): CodeIgniter\CodeIgniter->runController(Object(App\Controllers\Signup))
 7 SYSTEMPATH\CodeIgniter.php(355): CodeIgniter\CodeIgniter->handleRequest(null, Object(Config\Cache), false)
 8 SYSTEMPATH\Boot.php(312): CodeIgniter\CodeIgniter->run()
 9 SYSTEMPATH\Boot.php(67): CodeIgniter\Boot::runCodeIgniter(Object(CodeIgniter\CodeIgniter))
10 FCPATH\index.php(56): CodeIgniter\Boot::bootWeb(Object(Config\Paths))
11 SYSTEMPATH\Commands\Server\rewrite.php(49): require_once('C:\\xampp\\htdocs\\SJCP-CodeIgniter\\public\\index.php')
CRITICAL - 2024-04-29 15:00:42 --> Error: Call to undefined function form_open()
[Method: GET, Route: account/signup]
in APPPATH\Views\user\account.php on line 6.
 1 SYSTEMPATH\View\View.php(234): include()
 2 SYSTEMPATH\View\View.php(237): CodeIgniter\View\View->CodeIgniter\View\{closure}()
 3 SYSTEMPATH\Common.php(1171): CodeIgniter\View\View->render('user/account', [], true)
 4 APPPATH\Controllers\Signup.php(16): view('user/account', [...])
 5 SYSTEMPATH\CodeIgniter.php(933): App\Controllers\Signup->index()
 6 SYSTEMPATH\CodeIgniter.php(509): CodeIgniter\CodeIgniter->runController(Object(App\Controllers\Signup))
 7 SYSTEMPATH\CodeIgniter.php(355): CodeIgniter\CodeIgniter->handleRequest(null, Object(Config\Cache), false)
 8 SYSTEMPATH\Boot.php(312): CodeIgniter\CodeIgniter->run()
 9 SYSTEMPATH\Boot.php(67): CodeIgniter\Boot::runCodeIgniter(Object(CodeIgniter\CodeIgniter))
10 FCPATH\index.php(56): CodeIgniter\Boot::bootWeb(Object(Config\Paths))
11 SYSTEMPATH\Commands\Server\rewrite.php(49): require_once('C:\\xampp\\htdocs\\SJCP-CodeIgniter\\public\\index.php')
CRITICAL - 2024-04-29 15:01:03 --> Error: Call to undefined function form_open()
[Method: GET, Route: account/signup]
in APPPATH\Views\user\account.php on line 6.
 1 SYSTEMPATH\View\View.php(234): include()
 2 SYSTEMPATH\View\View.php(237): CodeIgniter\View\View->CodeIgniter\View\{closure}()
 3 SYSTEMPATH\Common.php(1171): CodeIgniter\View\View->render('user/account', [], true)
 4 APPPATH\Controllers\Signup.php(16): view('user/account', [...])
 5 SYSTEMPATH\CodeIgniter.php(933): App\Controllers\Signup->index()
 6 SYSTEMPATH\CodeIgniter.php(509): CodeIgniter\CodeIgniter->runController(Object(App\Controllers\Signup))
 7 SYSTEMPATH\CodeIgniter.php(355): CodeIgniter\CodeIgniter->handleRequest(null, Object(Config\Cache), false)
 8 SYSTEMPATH\Boot.php(312): CodeIgniter\CodeIgniter->run()
 9 SYSTEMPATH\Boot.php(67): CodeIgniter\Boot::runCodeIgniter(Object(CodeIgniter\CodeIgniter))
10 FCPATH\index.php(56): CodeIgniter\Boot::bootWeb(Object(Config\Paths))
11 SYSTEMPATH\Commands\Server\rewrite.php(49): require_once('C:\\xampp\\htdocs\\SJCP-CodeIgniter\\public\\index.php')
CRITICAL - 2024-04-29 15:04:35 --> Error: Call to undefined function form_open()
[Method: GET, Route: account/signup]
in APPPATH\Views\user\account.php on line 6.
 1 SYSTEMPATH\View\View.php(234): include()
 2 SYSTEMPATH\View\View.php(237): CodeIgniter\View\View->CodeIgniter\View\{closure}()
 3 SYSTEMPATH\Common.php(1171): CodeIgniter\View\View->render('user/account', [], true)
 4 APPPATH\Controllers\Signup.php(16): view('user/account', [...])
 5 SYSTEMPATH\CodeIgniter.php(933): App\Controllers\Signup->index()
 6 SYSTEMPATH\CodeIgniter.php(509): CodeIgniter\CodeIgniter->runController(Object(App\Controllers\Signup))
 7 SYSTEMPATH\CodeIgniter.php(355): CodeIgniter\CodeIgniter->handleRequest(null, Object(Config\Cache), false)
 8 SYSTEMPATH\Boot.php(312): CodeIgniter\CodeIgniter->run()
 9 SYSTEMPATH\Boot.php(67): CodeIgniter\Boot::runCodeIgniter(Object(CodeIgniter\CodeIgniter))
10 FCPATH\index.php(56): CodeIgniter\Boot::bootWeb(Object(Config\Paths))
11 SYSTEMPATH\Commands\Server\rewrite.php(49): require_once('C:\\xampp\\htdocs\\SJCP-CodeIgniter\\public\\index.php')
CRITICAL - 2024-04-29 15:06:16 --> Error: Call to undefined function form_open()
[Method: GET, Route: account/signup]
in APPPATH\Views\user\account.php on line 6.
 1 SYSTEMPATH\View\View.php(234): include()
 2 SYSTEMPATH\View\View.php(237): CodeIgniter\View\View->CodeIgniter\View\{closure}()
 3 SYSTEMPATH\Common.php(1171): CodeIgniter\View\View->render('user/account', [], true)
 4 APPPATH\Controllers\Signup.php(16): view('user/account', [...])
 5 SYSTEMPATH\CodeIgniter.php(933): App\Controllers\Signup->index()
 6 SYSTEMPATH\CodeIgniter.php(509): CodeIgniter\CodeIgniter->runController(Object(App\Controllers\Signup))
 7 SYSTEMPATH\CodeIgniter.php(355): CodeIgniter\CodeIgniter->handleRequest(null, Object(Config\Cache), false)
 8 SYSTEMPATH\Boot.php(312): CodeIgniter\CodeIgniter->run()
 9 SYSTEMPATH\Boot.php(67): CodeIgniter\Boot::runCodeIgniter(Object(CodeIgniter\CodeIgniter))
10 FCPATH\index.php(56): CodeIgniter\Boot::bootWeb(Object(Config\Paths))
11 SYSTEMPATH\Commands\Server\rewrite.php(49): require_once('C:\\xampp\\htdocs\\SJCP-CodeIgniter\\public\\index.php')
CRITICAL - 2024-04-29 15:06:56 --> Error: Call to undefined function validation_list_errors()
[Method: GET, Route: account/signup]
in APPPATH\Views\user\account.php on line 2.
 1 SYSTEMPATH\View\View.php(234): include()
 2 SYSTEMPATH\View\View.php(237): CodeIgniter\View\View->CodeIgniter\View\{closure}()
 3 SYSTEMPATH\Common.php(1171): CodeIgniter\View\View->render('user/account', [], true)
 4 APPPATH\Controllers\Signup.php(16): view('user/account', [...])
 5 SYSTEMPATH\CodeIgniter.php(933): App\Controllers\Signup->index()
 6 SYSTEMPATH\CodeIgniter.php(509): CodeIgniter\CodeIgniter->runController(Object(App\Controllers\Signup))
 7 SYSTEMPATH\CodeIgniter.php(355): CodeIgniter\CodeIgniter->handleRequest(null, Object(Config\Cache), false)
 8 SYSTEMPATH\Boot.php(312): CodeIgniter\CodeIgniter->run()
 9 SYSTEMPATH\Boot.php(67): CodeIgniter\Boot::runCodeIgniter(Object(CodeIgniter\CodeIgniter))
10 FCPATH\index.php(56): CodeIgniter\Boot::bootWeb(Object(Config\Paths))
11 SYSTEMPATH\Commands\Server\rewrite.php(49): require_once('C:\\xampp\\htdocs\\SJCP-CodeIgniter\\public\\index.php')
CRITICAL - 2024-04-29 15:07:29 --> Error: Call to undefined function validation_list_errors()
[Method: GET, Route: account/signup]
in APPPATH\Views\user\account.php on line 2.
 1 SYSTEMPATH\View\View.php(234): include()
 2 SYSTEMPATH\View\View.php(237): CodeIgniter\View\View->CodeIgniter\View\{closure}()
 3 SYSTEMPATH\Common.php(1171): CodeIgniter\View\View->render('user/account', [], true)
 4 APPPATH\Controllers\Signup.php(16): view('user/account', [...])
 5 SYSTEMPATH\CodeIgniter.php(933): App\Controllers\Signup->index()
 6 SYSTEMPATH\CodeIgniter.php(509): CodeIgniter\CodeIgniter->runController(Object(App\Controllers\Signup))
 7 SYSTEMPATH\CodeIgniter.php(355): CodeIgniter\CodeIgniter->handleRequest(null, Object(Config\Cache), false)
 8 SYSTEMPATH\Boot.php(312): CodeIgniter\CodeIgniter->run()
 9 SYSTEMPATH\Boot.php(67): CodeIgniter\Boot::runCodeIgniter(Object(CodeIgniter\CodeIgniter))
10 FCPATH\index.php(56): CodeIgniter\Boot::bootWeb(Object(Config\Paths))
11 SYSTEMPATH\Commands\Server\rewrite.php(49): require_once('C:\\xampp\\htdocs\\SJCP-CodeIgniter\\public\\index.php')
CRITICAL - 2024-04-29 15:09:40 --> Error: Call to undefined function form_open()
[Method: GET, Route: account/signup]
in APPPATH\Views\user\account.php on line 5.
 1 SYSTEMPATH\View\View.php(234): include()
 2 SYSTEMPATH\View\View.php(237): CodeIgniter\View\View->CodeIgniter\View\{closure}()
 3 SYSTEMPATH\Common.php(1171): CodeIgniter\View\View->render('user/account', [], true)
 4 APPPATH\Controllers\Signup.php(16): view('user/account', [...])
 5 SYSTEMPATH\CodeIgniter.php(933): App\Controllers\Signup->index()
 6 SYSTEMPATH\CodeIgniter.php(509): CodeIgniter\CodeIgniter->runController(Object(App\Controllers\Signup))
 7 SYSTEMPATH\CodeIgniter.php(355): CodeIgniter\CodeIgniter->handleRequest(null, Object(Config\Cache), false)
 8 SYSTEMPATH\Boot.php(312): CodeIgniter\CodeIgniter->run()
 9 SYSTEMPATH\Boot.php(67): CodeIgniter\Boot::runCodeIgniter(Object(CodeIgniter\CodeIgniter))
10 FCPATH\index.php(56): CodeIgniter\Boot::bootWeb(Object(Config\Paths))
11 SYSTEMPATH\Commands\Server\rewrite.php(49): require_once('C:\\xampp\\htdocs\\SJCP-CodeIgniter\\public\\index.php')
CRITICAL - 2024-04-29 15:10:12 --> Error: Call to undefined function form_open()
[Method: GET, Route: account/signup]
in APPPATH\Views\user\account.php on line 5.
 1 SYSTEMPATH\View\View.php(234): include()
 2 SYSTEMPATH\View\View.php(237): CodeIgniter\View\View->CodeIgniter\View\{closure}()
 3 SYSTEMPATH\Common.php(1171): CodeIgniter\View\View->render('user/account', [], true)
 4 APPPATH\Controllers\Signup.php(16): view('user/account', [...])
 5 SYSTEMPATH\CodeIgniter.php(933): App\Controllers\Signup->index()
 6 SYSTEMPATH\CodeIgniter.php(509): CodeIgniter\CodeIgniter->runController(Object(App\Controllers\Signup))
 7 SYSTEMPATH\CodeIgniter.php(355): CodeIgniter\CodeIgniter->handleRequest(null, Object(Config\Cache), false)
 8 SYSTEMPATH\Boot.php(312): CodeIgniter\CodeIgniter->run()
 9 SYSTEMPATH\Boot.php(67): CodeIgniter\Boot::runCodeIgniter(Object(CodeIgniter\CodeIgniter))
10 FCPATH\index.php(56): CodeIgniter\Boot::bootWeb(Object(Config\Paths))
11 SYSTEMPATH\Commands\Server\rewrite.php(49): require_once('C:\\xampp\\htdocs\\SJCP-CodeIgniter\\public\\index.php')
CRITICAL - 2024-04-29 15:10:42 --> Error: Call to undefined function form_open()
[Method: GET, Route: account/signup]
in APPPATH\Views\user\account.php on line 5.
 1 SYSTEMPATH\View\View.php(234): include()
 2 SYSTEMPATH\View\View.php(237): CodeIgniter\View\View->CodeIgniter\View\{closure}()
 3 SYSTEMPATH\Common.php(1171): CodeIgniter\View\View->render('user/account', [], true)
 4 APPPATH\Controllers\Signup.php(16): view('user/account', [...])
 5 SYSTEMPATH\CodeIgniter.php(933): App\Controllers\Signup->index()
 6 SYSTEMPATH\CodeIgniter.php(509): CodeIgniter\CodeIgniter->runController(Object(App\Controllers\Signup))
 7 SYSTEMPATH\CodeIgniter.php(355): CodeIgniter\CodeIgniter->handleRequest(null, Object(Config\Cache), false)
 8 SYSTEMPATH\Boot.php(312): CodeIgniter\CodeIgniter->run()
 9 SYSTEMPATH\Boot.php(67): CodeIgniter\Boot::runCodeIgniter(Object(CodeIgniter\CodeIgniter))
10 FCPATH\index.php(56): CodeIgniter\Boot::bootWeb(Object(Config\Paths))
11 SYSTEMPATH\Commands\Server\rewrite.php(49): require_once('C:\\xampp\\htdocs\\SJCP-CodeIgniter\\public\\index.php')
CRITICAL - 2024-04-29 15:12:56 --> ErrorException: Undefined variable $mode
[Method: POST, Route: signup/step3]
in APPPATH\Views\user\account.php on line 2.
 1 APPPATH\Views\user\account.php(2): CodeIgniter\Debug\Exceptions->errorHandler(2, 'Undefined variable $mode', 'C:\\xampp\\htdocs\\SJCP-CodeIgniter\\app\\Views\\user\\account.php', 2)
 2 SYSTEMPATH\View\View.php(234): include('C:\\xampp\\htdocs\\SJCP-CodeIgniter\\app\\Views\\user\\account.php')
 3 SYSTEMPATH\View\View.php(237): CodeIgniter\View\View->CodeIgniter\View\{closure}()
 4 SYSTEMPATH\Common.php(1171): CodeIgniter\View\View->render('user/account', [], true)
 5 APPPATH\Controllers\Signup.php(36): view('user/account')
 6 SYSTEMPATH\CodeIgniter.php(933): App\Controllers\Signup->step3()
 7 SYSTEMPATH\CodeIgniter.php(509): CodeIgniter\CodeIgniter->runController(Object(App\Controllers\Signup))
 8 SYSTEMPATH\CodeIgniter.php(355): CodeIgniter\CodeIgniter->handleRequest(null, Object(Config\Cache), false)
 9 SYSTEMPATH\Boot.php(312): CodeIgniter\CodeIgniter->run()
10 SYSTEMPATH\Boot.php(67): CodeIgniter\Boot::runCodeIgniter(Object(CodeIgniter\CodeIgniter))
11 FCPATH\index.php(56): CodeIgniter\Boot::bootWeb(Object(Config\Paths))
12 SYSTEMPATH\Commands\Server\rewrite.php(49): require_once('C:\\xampp\\htdocs\\SJCP-CodeIgniter\\public\\index.php')
CRITICAL - 2024-04-29 16:05:17 --> ErrorException: Undefined variable $mode
[Method: GET, Route: account]
in APPPATH\Views\user\account.php on line 2.
 1 APPPATH\Views\user\account.php(2): CodeIgniter\Debug\Exceptions->errorHandler(2, 'Undefined variable $mode', 'D:\\xampp\\htdocs\\sjcp-codeigniter\\app\\Views\\user\\account.php', 2)
 2 SYSTEMPATH\View\View.php(234): include('D:\\xampp\\htdocs\\sjcp-codeigniter\\app\\Views\\user\\account.php')
 3 SYSTEMPATH\View\View.php(237): CodeIgniter\View\View->CodeIgniter\View\{closure}()
 4 SYSTEMPATH\Common.php(1171): CodeIgniter\View\View->render('user/account', [], true)
 5 APPPATH\Controllers\Home.php(21): view('user/account')
 6 SYSTEMPATH\CodeIgniter.php(933): App\Controllers\Home->view('account')
 7 SYSTEMPATH\CodeIgniter.php(509): CodeIgniter\CodeIgniter->runController(Object(App\Controllers\Home))
 8 SYSTEMPATH\CodeIgniter.php(355): CodeIgniter\CodeIgniter->handleRequest(null, Object(Config\Cache), false)
 9 SYSTEMPATH\Boot.php(312): CodeIgniter\CodeIgniter->run()
10 SYSTEMPATH\Boot.php(67): CodeIgniter\Boot::runCodeIgniter(Object(CodeIgniter\CodeIgniter))
11 FCPATH\index.php(56): CodeIgniter\Boot::bootWeb(Object(Config\Paths))
12 SYSTEMPATH\Commands\Server\rewrite.php(49): require_once('D:\\xampp\\htdocs\\sjcp-codeigniter\\public\\index.php')
CRITICAL - 2024-04-29 16:06:03 --> ErrorException: Undefined variable $mode
[Method: GET, Route: account]
in APPPATH\Views\user\account.php on line 2.
 1 APPPATH\Views\user\account.php(2): CodeIgniter\Debug\Exceptions->errorHandler(2, 'Undefined variable $mode', 'D:\\xampp\\htdocs\\sjcp-codeigniter\\app\\Views\\user\\account.php', 2)
 2 SYSTEMPATH\View\View.php(234): include('D:\\xampp\\htdocs\\sjcp-codeigniter\\app\\Views\\user\\account.php')
 3 SYSTEMPATH\View\View.php(237): CodeIgniter\View\View->CodeIgniter\View\{closure}()
 4 SYSTEMPATH\Common.php(1171): CodeIgniter\View\View->render('user/account', [], true)
 5 APPPATH\Controllers\Home.php(21): view('user/account')
 6 SYSTEMPATH\CodeIgniter.php(933): App\Controllers\Home->view('account')
 7 SYSTEMPATH\CodeIgniter.php(509): CodeIgniter\CodeIgniter->runController(Object(App\Controllers\Home))
 8 SYSTEMPATH\CodeIgniter.php(355): CodeIgniter\CodeIgniter->handleRequest(null, Object(Config\Cache), false)
 9 SYSTEMPATH\Boot.php(312): CodeIgniter\CodeIgniter->run()
10 SYSTEMPATH\Boot.php(67): CodeIgniter\Boot::runCodeIgniter(Object(CodeIgniter\CodeIgniter))
11 FCPATH\index.php(56): CodeIgniter\Boot::bootWeb(Object(Config\Paths))
12 SYSTEMPATH\Commands\Server\rewrite.php(49): require_once('D:\\xampp\\htdocs\\sjcp-codeigniter\\public\\index.php')
CRITICAL - 2024-04-29 16:20:53 --> Error: Call to undefined function form_open()
[Method: GET, Route: calendar]
in APPPATH\Views\user\calendar.php on line 5.
 1 SYSTEMPATH\View\View.php(234): include()
 2 SYSTEMPATH\View\View.php(237): CodeIgniter\View\View->CodeIgniter\View\{closure}()
 3 SYSTEMPATH\Common.php(1171): CodeIgniter\View\View->render('user/calendar', [], true)
 4 APPPATH\Controllers\Home.php(21): view('user/calendar')
 5 SYSTEMPATH\CodeIgniter.php(933): App\Controllers\Home->view('calendar')
 6 SYSTEMPATH\CodeIgniter.php(509): CodeIgniter\CodeIgniter->runController(Object(App\Controllers\Home))
 7 SYSTEMPATH\CodeIgniter.php(355): CodeIgniter\CodeIgniter->handleRequest(null, Object(Config\Cache), false)
 8 SYSTEMPATH\Boot.php(312): CodeIgniter\CodeIgniter->run()
 9 SYSTEMPATH\Boot.php(67): CodeIgniter\Boot::runCodeIgniter(Object(CodeIgniter\CodeIgniter))
10 FCPATH\index.php(56): CodeIgniter\Boot::bootWeb(Object(Config\Paths))
11 SYSTEMPATH\Commands\Server\rewrite.php(49): require_once('D:\\xampp\\htdocs\\sjcp-codeigniter\\public\\index.php')
CRITICAL - 2024-04-29 16:22:03 --> Error: Call to undefined function form_open()
[Method: GET, Route: calendar]
in APPPATH\Views\user\calendar.php on line 5.
 1 SYSTEMPATH\View\View.php(234): include()
 2 SYSTEMPATH\View\View.php(237): CodeIgniter\View\View->CodeIgniter\View\{closure}()
 3 SYSTEMPATH\Common.php(1171): CodeIgniter\View\View->render('user/calendar', [], true)
 4 APPPATH\Controllers\Home.php(21): view('user/calendar')
 5 SYSTEMPATH\CodeIgniter.php(933): App\Controllers\Home->view('calendar')
 6 SYSTEMPATH\CodeIgniter.php(509): CodeIgniter\CodeIgniter->runController(Object(App\Controllers\Home))
 7 SYSTEMPATH\CodeIgniter.php(355): CodeIgniter\CodeIgniter->handleRequest(null, Object(Config\Cache), false)
 8 SYSTEMPATH\Boot.php(312): CodeIgniter\CodeIgniter->run()
 9 SYSTEMPATH\Boot.php(67): CodeIgniter\Boot::runCodeIgniter(Object(CodeIgniter\CodeIgniter))
10 FCPATH\index.php(56): CodeIgniter\Boot::bootWeb(Object(Config\Paths))
11 SYSTEMPATH\Commands\Server\rewrite.php(49): require_once('D:\\xampp\\htdocs\\sjcp-codeigniter\\public\\index.php')
CRITICAL - 2024-04-29 16:27:01 --> Error: Call to undefined function form_open()
[Method: GET, Route: calendar]
in APPPATH\Views\user\calendar.php on line 5.
 1 SYSTEMPATH\View\View.php(234): include()
 2 SYSTEMPATH\View\View.php(237): CodeIgniter\View\View->CodeIgniter\View\{closure}()
 3 SYSTEMPATH\Common.php(1171): CodeIgniter\View\View->render('user/calendar', [], true)
 4 APPPATH\Controllers\Home.php(21): view('user/calendar')
 5 SYSTEMPATH\CodeIgniter.php(933): App\Controllers\Home->view('calendar')
 6 SYSTEMPATH\CodeIgniter.php(509): CodeIgniter\CodeIgniter->runController(Object(App\Controllers\Home))
 7 SYSTEMPATH\CodeIgniter.php(355): CodeIgniter\CodeIgniter->handleRequest(null, Object(Config\Cache), false)
 8 SYSTEMPATH\Boot.php(312): CodeIgniter\CodeIgniter->run()
 9 SYSTEMPATH\Boot.php(67): CodeIgniter\Boot::runCodeIgniter(Object(CodeIgniter\CodeIgniter))
10 FCPATH\index.php(56): CodeIgniter\Boot::bootWeb(Object(Config\Paths))
11 SYSTEMPATH\Commands\Server\rewrite.php(49): require_once('D:\\xampp\\htdocs\\sjcp-codeigniter\\public\\index.php')
CRITICAL - 2024-04-29 16:29:15 --> ErrorException: Undefined variable $step
[Method: GET, Route: calendar]
in APPPATH\Views\user\calendar.php on line 3.
 1 APPPATH\Views\user\calendar.php(3): CodeIgniter\Debug\Exceptions->errorHandler(2, 'Undefined variable $step', 'D:\\xampp\\htdocs\\sjcp-codeigniter\\app\\Views\\user\\calendar.php', 3)
 2 SYSTEMPATH\View\View.php(234): include('D:\\xampp\\htdocs\\sjcp-codeigniter\\app\\Views\\user\\calendar.php')
 3 SYSTEMPATH\View\View.php(237): CodeIgniter\View\View->CodeIgniter\View\{closure}()
 4 SYSTEMPATH\Common.php(1171): CodeIgniter\View\View->render('user/calendar', [], true)
 5 APPPATH\Controllers\Home.php(21): view('user/calendar')
 6 SYSTEMPATH\CodeIgniter.php(933): App\Controllers\Home->view('calendar')
 7 SYSTEMPATH\CodeIgniter.php(509): CodeIgniter\CodeIgniter->runController(Object(App\Controllers\Home))
 8 SYSTEMPATH\CodeIgniter.php(355): CodeIgniter\CodeIgniter->handleRequest(null, Object(Config\Cache), false)
 9 SYSTEMPATH\Boot.php(312): CodeIgniter\CodeIgniter->run()
10 SYSTEMPATH\Boot.php(67): CodeIgniter\Boot::runCodeIgniter(Object(CodeIgniter\CodeIgniter))
11 FCPATH\index.php(56): CodeIgniter\Boot::bootWeb(Object(Config\Paths))
12 SYSTEMPATH\Commands\Server\rewrite.php(49): require_once('D:\\xampp\\htdocs\\sjcp-codeigniter\\public\\index.php')
CRITICAL - 2024-04-29 20:40:11 --> ErrorException: Undefined variable $month
[Method: POST, Route: calendar/step2]
in APPPATH\Views\user\calendar.php on line 32.
 1 APPPATH\Views\user\calendar.php(32): CodeIgniter\Debug\Exceptions->errorHandler(2, 'Undefined variable $month', 'D:\\xampp\\htdocs\\sjcp-codeigniter\\app\\Views\\user\\calendar.php', 32)
 2 SYSTEMPATH\View\View.php(234): include('D:\\xampp\\htdocs\\sjcp-codeigniter\\app\\Views\\user\\calendar.php')
 3 SYSTEMPATH\View\View.php(237): CodeIgniter\View\View->CodeIgniter\View\{closure}()
 4 SYSTEMPATH\Common.php(1171): CodeIgniter\View\View->render('user/calendar', [], true)
 5 APPPATH\Controllers\Calendar.php(21): view('user/calendar', [...])
 6 SYSTEMPATH\CodeIgniter.php(933): App\Controllers\Calendar->step1()
 7 SYSTEMPATH\CodeIgniter.php(509): CodeIgniter\CodeIgniter->runController(Object(App\Controllers\Calendar))
 8 SYSTEMPATH\CodeIgniter.php(355): CodeIgniter\CodeIgniter->handleRequest(null, Object(Config\Cache), false)
 9 SYSTEMPATH\Boot.php(312): CodeIgniter\CodeIgniter->run()
10 SYSTEMPATH\Boot.php(67): CodeIgniter\Boot::runCodeIgniter(Object(CodeIgniter\CodeIgniter))
11 FCPATH\index.php(56): CodeIgniter\Boot::bootWeb(Object(Config\Paths))
12 SYSTEMPATH\Commands\Server\rewrite.php(49): require_once('D:\\xampp\\htdocs\\sjcp-codeigniter\\public\\index.php')
