<<<<<<< HEAD
INFO - 2024-04-30 11:35:18 --> Session: Class initialized using 'CodeIgniter\Session\Handlers\FileHandler' driver.
INFO - 2024-04-30 11:35:21 --> Session: Class initialized using 'CodeIgniter\Session\Handlers\FileHandler' driver.
INFO - 2024-04-30 11:35:23 --> Session: Class initialized using 'CodeIgniter\Session\Handlers\FileHandler' driver.
=======
CRITICAL - 2024-04-30 13:18:05 --> ErrorException: Undefined variable $month
[Method: POST, Route: calendar/step2]
in APPPATH\Views\user\calendar.php on line 33.
 1 APPPATH\Views\user\calendar.php(33): CodeIgniter\Debug\Exceptions->errorHandler(2, 'Undefined variable $month', 'D:\\xampp\\htdocs\\sjcp-codeigniter\\app\\Views\\user\\calendar.php', 33)
 2 SYSTEMPATH\View\View.php(234): include('D:\\xampp\\htdocs\\sjcp-codeigniter\\app\\Views\\user\\calendar.php')
 3 SYSTEMPATH\View\View.php(237): CodeIgniter\View\View->CodeIgniter\View\{closure}()
 4 SYSTEMPATH\Common.php(1171): CodeIgniter\View\View->render('user/calendar', [], true)
 5 APPPATH\Controllers\Calendar.php(26): view('user/calendar', [...])
 6 SYSTEMPATH\CodeIgniter.php(933): App\Controllers\Calendar->step1()
 7 SYSTEMPATH\CodeIgniter.php(509): CodeIgniter\CodeIgniter->runController(Object(App\Controllers\Calendar))
 8 SYSTEMPATH\CodeIgniter.php(355): CodeIgniter\CodeIgniter->handleRequest(null, Object(Config\Cache), false)
 9 SYSTEMPATH\Boot.php(312): CodeIgniter\CodeIgniter->run()
10 SYSTEMPATH\Boot.php(67): CodeIgniter\Boot::runCodeIgniter(Object(CodeIgniter\CodeIgniter))
11 FCPATH\index.php(56): CodeIgniter\Boot::bootWeb(Object(Config\Paths))
12 SYSTEMPATH\Commands\Server\rewrite.php(49): require_once('D:\\xampp\\htdocs\\sjcp-codeigniter\\public\\index.php')
CRITICAL - 2024-04-30 13:18:41 --> ErrorException: Undefined variable $month
[Method: POST, Route: calendar/step2]
in APPPATH\Views\user\calendar.php on line 33.
 1 APPPATH\Views\user\calendar.php(33): CodeIgniter\Debug\Exceptions->errorHandler(2, 'Undefined variable $month', 'D:\\xampp\\htdocs\\sjcp-codeigniter\\app\\Views\\user\\calendar.php', 33)
 2 SYSTEMPATH\View\View.php(234): include('D:\\xampp\\htdocs\\sjcp-codeigniter\\app\\Views\\user\\calendar.php')
 3 SYSTEMPATH\View\View.php(237): CodeIgniter\View\View->CodeIgniter\View\{closure}()
 4 SYSTEMPATH\Common.php(1171): CodeIgniter\View\View->render('user/calendar', [], true)
 5 APPPATH\Controllers\Calendar.php(26): view('user/calendar', [...])
 6 SYSTEMPATH\CodeIgniter.php(933): App\Controllers\Calendar->step1()
 7 SYSTEMPATH\CodeIgniter.php(509): CodeIgniter\CodeIgniter->runController(Object(App\Controllers\Calendar))
 8 SYSTEMPATH\CodeIgniter.php(355): CodeIgniter\CodeIgniter->handleRequest(null, Object(Config\Cache), false)
 9 SYSTEMPATH\Boot.php(312): CodeIgniter\CodeIgniter->run()
10 SYSTEMPATH\Boot.php(67): CodeIgniter\Boot::runCodeIgniter(Object(CodeIgniter\CodeIgniter))
11 FCPATH\index.php(56): CodeIgniter\Boot::bootWeb(Object(Config\Paths))
12 SYSTEMPATH\Commands\Server\rewrite.php(49): require_once('D:\\xampp\\htdocs\\sjcp-codeigniter\\public\\index.php')
INFO - 2024-04-30 05:51:23 --> Session: Class initialized using 'CodeIgniter\Session\Handlers\FileHandler' driver.
INFO - 2024-04-30 05:51:28 --> Session: Class initialized using 'CodeIgniter\Session\Handlers\FileHandler' driver.
INFO - 2024-04-30 05:51:39 --> Session: Class initialized using 'CodeIgniter\Session\Handlers\FileHandler' driver.
ERROR - 2024-04-30 05:51:52 --> Email: Unable to send email using SMTP. Your server might not be configured to send mail using this method.
ERROR - 2024-04-30 05:51:52 --> 220 smtp.googlemail.com ESMTP k17-20020aa79d11000000b006ea858e6e78sm20214539pfp.45 - gsmtp

hello: 250-smtp.googlemail.com at your service, [180.191.67.207]
250-SIZE 35882577
250-8BITMIME
250-AUTH LOGIN PLAIN XOAUTH2 PLAIN-CLIENTTOKEN OAUTHBEARER XOAUTH
250-ENHANCEDSTATUSCODES
250-PIPELINING
250-CHUNKING
250 SMTPUTF8

from: 250 2.1.0 OK k17-20020aa79d11000000b006ea858e6e78sm20214539pfp.45 - gsmtp

to: 553-5.1.3 The recipient address <kasdads> is not a valid RFC 5321 address. For
553-5.1.3 more information, go to
553-5.1.3  https://support.google.com/a/answer/3221692 and review RFC 5321
553 5.1.3 specifications. k17-20020aa79d11000000b006ea858e6e78sm20214539pfp.45 - gsmtp

The following SMTP error was encountered: 553-5.1.3 The recipient address <kasdads> is not a valid RFC 5321 address. For
553-5.1.3 more information, go to
553-5.1.3  https://support.google.com/a/answer/3221692 and review RFC 5321
553 5.1.3 specifications. k17-20020aa79d11000000b006ea858e6e78sm20214539pfp.45 - gsmtp

quit: 221 2.0.0 closing connection k17-20020aa79d11000000b006ea858e6e78sm20214539pfp.45 - gsmtp

ERROR - 2024-04-30 05:51:55 --> Email: Unable to send email using SMTP. Your server might not be configured to send mail using this method.
ERROR - 2024-04-30 05:51:55 --> 220 smtp.googlemail.com ESMTP k14-20020aa79d0e000000b006ecd942161fsm20234561pfp.190 - gsmtp

hello: 250-smtp.googlemail.com at your service, [180.191.67.207]
250-SIZE 35882577
250-8BITMIME
250-AUTH LOGIN PLAIN XOAUTH2 PLAIN-CLIENTTOKEN OAUTHBEARER XOAUTH
250-ENHANCEDSTATUSCODES
250-PIPELINING
250-CHUNKING
250 SMTPUTF8

from: 250 2.1.0 OK k14-20020aa79d0e000000b006ecd942161fsm20234561pfp.190 - gsmtp

to: 553-5.1.3 The recipient address <kasdads> is not a valid RFC 5321 address. For
553-5.1.3 more information, go to
553-5.1.3  https://support.google.com/a/answer/3221692 and review RFC 5321
553 5.1.3 specifications. k14-20020aa79d0e000000b006ecd942161fsm20234561pfp.190 - gsmtp

The following SMTP error was encountered: 553-5.1.3 The recipient address <kasdads> is not a valid RFC 5321 address. For
553-5.1.3 more information, go to
553-5.1.3  https://support.google.com/a/answer/3221692 and review RFC 5321
553 5.1.3 specifications. k14-20020aa79d0e000000b006ecd942161fsm20234561pfp.190 - gsmtp

quit: 221 2.0.0 closing connection k14-20020aa79d0e000000b006ecd942161fsm20234561pfp.190 - gsmtp

INFO - 2024-04-30 05:51:56 --> Session: Class initialized using 'CodeIgniter\Session\Handlers\FileHandler' driver.
INFO - 2024-04-30 05:51:58 --> Session: Class initialized using 'CodeIgniter\Session\Handlers\FileHandler' driver.
ERROR - 2024-04-30 05:52:13 --> Email: Unable to send email using SMTP. Your server might not be configured to send mail using this method.
ERROR - 2024-04-30 05:52:13 --> 220 smtp.googlemail.com ESMTP u14-20020a17090ac88e00b002abb4500e97sm20258980pjt.41 - gsmtp

hello: 250-smtp.googlemail.com at your service, [180.191.67.207]
250-SIZE 35882577
250-8BITMIME
250-AUTH LOGIN PLAIN XOAUTH2 PLAIN-CLIENTTOKEN OAUTHBEARER XOAUTH
250-ENHANCEDSTATUSCODES
250-PIPELINING
250-CHUNKING
250 SMTPUTF8

from: 250 2.1.0 OK u14-20020a17090ac88e00b002abb4500e97sm20258980pjt.41 - gsmtp

to: 555-5.5.2 Syntax error, cannot decode response. For more information, go to
555-5.5.2  https://support.google.com/a/answer/3221692 and review RFC 5321
555 5.5.2 specifications. u14-20020a17090ac88e00b002abb4500e97sm20258980pjt.41 - gsmtp

The following SMTP error was encountered: 555-5.5.2 Syntax error, cannot decode response. For more information, go to
555-5.5.2  https://support.google.com/a/answer/3221692 and review RFC 5321
555 5.5.2 specifications. u14-20020a17090ac88e00b002abb4500e97sm20258980pjt.41 - gsmtp

quit: 221 2.0.0 closing connection u14-20020a17090ac88e00b002abb4500e97sm20258980pjt.41 - gsmtp

INFO - 2024-04-30 05:52:36 --> Session: Class initialized using 'CodeIgniter\Session\Handlers\FileHandler' driver.
INFO - 2024-04-30 05:52:39 --> Session: Class initialized using 'CodeIgniter\Session\Handlers\FileHandler' driver.
ERROR - 2024-04-30 05:52:56 --> Email: Unable to send email using SMTP. Your server might not be configured to send mail using this method.
ERROR - 2024-04-30 05:52:56 --> 220 smtp.googlemail.com ESMTP p5-20020a634f45000000b005f05c88c149sm20179495pgl.71 - gsmtp

hello: 250-smtp.googlemail.com at your service, [180.191.67.207]
250-SIZE 35882577
250-8BITMIME
250-AUTH LOGIN PLAIN XOAUTH2 PLAIN-CLIENTTOKEN OAUTHBEARER XOAUTH
250-ENHANCEDSTATUSCODES
250-PIPELINING
250-CHUNKING
250 SMTPUTF8

from: 250 2.1.0 OK p5-20020a634f45000000b005f05c88c149sm20179495pgl.71 - gsmtp

to: 555-5.5.2 Syntax error, cannot decode response. For more information, go to
555-5.5.2  https://support.google.com/a/answer/3221692 and review RFC 5321
555 5.5.2 specifications. p5-20020a634f45000000b005f05c88c149sm20179495pgl.71 - gsmtp

The following SMTP error was encountered: 555-5.5.2 Syntax error, cannot decode response. For more information, go to
555-5.5.2  https://support.google.com/a/answer/3221692 and review RFC 5321
555 5.5.2 specifications. p5-20020a634f45000000b005f05c88c149sm20179495pgl.71 - gsmtp

quit: 221 2.0.0 closing connection p5-20020a634f45000000b005f05c88c149sm20179495pgl.71 - gsmtp

INFO - 2024-04-30 05:53:15 --> Session: Class initialized using 'CodeIgniter\Session\Handlers\FileHandler' driver.
CRITICAL - 2024-04-30 13:53:40 --> ErrorException: Undefined variable $day
[Method: POST, Route: calendar/step1]
in APPPATH\Views\user\calendar.php on line 32.
 1 APPPATH\Views\user\calendar.php(32): CodeIgniter\Debug\Exceptions->errorHandler(2, 'Undefined variable $day', 'D:\\xampp\\htdocs\\sjcp-codeigniter\\app\\Views\\user\\calendar.php', 32)
 2 SYSTEMPATH\View\View.php(234): include('D:\\xampp\\htdocs\\sjcp-codeigniter\\app\\Views\\user\\calendar.php')
 3 SYSTEMPATH\View\View.php(237): CodeIgniter\View\View->CodeIgniter\View\{closure}()
 4 SYSTEMPATH\Common.php(1171): CodeIgniter\View\View->render('user/calendar', [], true)
 5 APPPATH\Controllers\Calendar.php(26): view('user/calendar', [...])
 6 SYSTEMPATH\CodeIgniter.php(933): App\Controllers\Calendar->step1()
 7 SYSTEMPATH\CodeIgniter.php(509): CodeIgniter\CodeIgniter->runController(Object(App\Controllers\Calendar))
 8 SYSTEMPATH\CodeIgniter.php(355): CodeIgniter\CodeIgniter->handleRequest(null, Object(Config\Cache), false)
 9 SYSTEMPATH\Boot.php(312): CodeIgniter\CodeIgniter->run()
10 SYSTEMPATH\Boot.php(67): CodeIgniter\Boot::runCodeIgniter(Object(CodeIgniter\CodeIgniter))
11 FCPATH\index.php(56): CodeIgniter\Boot::bootWeb(Object(Config\Paths))
12 SYSTEMPATH\Commands\Server\rewrite.php(49): require_once('D:\\xampp\\htdocs\\sjcp-codeigniter\\public\\index.php')
CRITICAL - 2024-04-30 13:54:54 --> ErrorException: Undefined variable $month
[Method: POST, Route: calendar/step1]
in APPPATH\Views\user\calendar.php on line 32.
 1 APPPATH\Views\user\calendar.php(32): CodeIgniter\Debug\Exceptions->errorHandler(2, 'Undefined variable $month', 'D:\\xampp\\htdocs\\sjcp-codeigniter\\app\\Views\\user\\calendar.php', 32)
 2 SYSTEMPATH\View\View.php(234): include('D:\\xampp\\htdocs\\sjcp-codeigniter\\app\\Views\\user\\calendar.php')
 3 SYSTEMPATH\View\View.php(237): CodeIgniter\View\View->CodeIgniter\View\{closure}()
 4 SYSTEMPATH\Common.php(1171): CodeIgniter\View\View->render('user/calendar', [], true)
 5 APPPATH\Controllers\Calendar.php(26): view('user/calendar', [...])
 6 SYSTEMPATH\CodeIgniter.php(933): App\Controllers\Calendar->step1()
 7 SYSTEMPATH\CodeIgniter.php(509): CodeIgniter\CodeIgniter->runController(Object(App\Controllers\Calendar))
 8 SYSTEMPATH\CodeIgniter.php(355): CodeIgniter\CodeIgniter->handleRequest(null, Object(Config\Cache), false)
 9 SYSTEMPATH\Boot.php(312): CodeIgniter\CodeIgniter->run()
10 SYSTEMPATH\Boot.php(67): CodeIgniter\Boot::runCodeIgniter(Object(CodeIgniter\CodeIgniter))
11 FCPATH\index.php(56): CodeIgniter\Boot::bootWeb(Object(Config\Paths))
12 SYSTEMPATH\Commands\Server\rewrite.php(49): require_once('D:\\xampp\\htdocs\\sjcp-codeigniter\\public\\index.php')
>>>>>>> 7ce4b1068d451b138f3a76fbf7c4cfa1966893c1
